  FAT32_func.cpp
D:\Hoc tap\He Dieu Hanh\Project 2\Project 2\Project 2\Header.h(102,27): warning C4018: '<': signed/unsigned mismatch
D:\Hoc tap\He Dieu Hanh\Project 2\Project 2\Project 2\Header.h(125,27): warning C4018: '<': signed/unsigned mismatch
D:\Hoc tap\He Dieu Hanh\Project 2\Project 2\Project 2\Header.h(157,27): warning C4018: '<': signed/unsigned mismatch
D:\Hoc tap\He Dieu Hanh\Project 2\Project 2\Project 2\Header.h(163,27): warning C4018: '<': signed/unsigned mismatch
D:\Hoc tap\He Dieu Hanh\Project 2\Project 2\Project 2\Header.h(183,27): warning C4018: '<': signed/unsigned mismatch
D:\Hoc tap\He Dieu Hanh\Project 2\Project 2\Project 2\Header.h(200,27): warning C4018: '<': signed/unsigned mismatch
D:\Hoc tap\He Dieu Hanh\Project 2\Project 2\Project 2\Header.h(273,27): warning C4018: '<': signed/unsigned mismatch
D:\Hoc tap\He Dieu Hanh\Project 2\Project 2\Project 2\Header.h(278,27): warning C4018: '<': signed/unsigned mismatch
D:\Hoc tap\He Dieu Hanh\Project 2\Project 2\Project 2\Header.h(294,27): warning C4018: '<': signed/unsigned mismatch
D:\Hoc tap\He Dieu Hanh\Project 2\Project 2\Project 2\Header.h(317,27): warning C4018: '<': signed/unsigned mismatch
D:\Hoc tap\He Dieu Hanh\Project 2\Project 2\Project 2\Header.h(324,27): warning C4018: '<': signed/unsigned mismatch
D:\Hoc tap\He Dieu Hanh\Project 2\Project 2\Project 2\FAT32_func.cpp(170,43): warning C4244: 'argument': conversion from '__int64' to 'int', possible loss of data
D:\Hoc tap\He Dieu Hanh\Project 2\Project 2\Project 2\FAT32_func.cpp(181,48): warning C4244: 'argument': conversion from '__int64' to 'int', possible loss of data
D:\Hoc tap\He Dieu Hanh\Project 2\Project 2\Project 2\FAT32_func.cpp(262,23): warning C4018: '<': signed/unsigned mismatch
D:\Hoc tap\He Dieu Hanh\Project 2\Project 2\Project 2\FAT32_func.cpp(291,23): warning C4018: '<': signed/unsigned mismatch
D:\Hoc tap\He Dieu Hanh\Project 2\Project 2\Project 2\FAT32_func.cpp(330,43): warning C4244: 'argument': conversion from '__int64' to 'int', possible loss of data
D:\Hoc tap\He Dieu Hanh\Project 2\Project 2\Project 2\FAT32_func.cpp(341,48): warning C4244: 'argument': conversion from '__int64' to 'int', possible loss of data
D:\Hoc tap\He Dieu Hanh\Project 2\Project 2\Project 2\FAT32_func.cpp(423,23): warning C4018: '<': signed/unsigned mismatch
  Project 2.vcxproj -> D:\Hoc tap\He Dieu Hanh\Project 2\Project 2\Debug\Project 2.exe
